==32456== Memcheck, a memory error detector
==32456== Copyright (C) 2002-2022, and GNU GPL'd, by Julian Seward et al.
==32456== Using Valgrind-3.22.0 and LibVEX; rerun with -h for copyright info
==32456== Command: ./nibbler 20 30
==32456== Parent PID: 32455
==32456== 
==32456== 
==32456== Process terminating with default action of signal 15 (SIGTERM)
==32456==    at 0x4C324FD: poll (poll.c:29)
==32456==    by 0x113D7F: Server::start() (in /home/vboxuser/Documents/network-snake/server/nibbler)
==32456==    by 0x10BB34: main (in /home/vboxuser/Documents/network-snake/server/nibbler)
==32456== 
==32456== Process terminating with default action of signal 15 (SIGTERM)
==32456==    at 0x4C324FD: poll (poll.c:29)
==32456==    by 0x113D7F: Server::start() (in /home/vboxuser/Documents/network-snake/server/nibbler)
==32456==    by 0x10BB34: main (in /home/vboxuser/Documents/network-snake/server/nibbler)
==32456== 
==32456== HEAP SUMMARY:
==32456==     in use at exit: 79,705 bytes in 54 blocks
==32456==   total heap usage: 273 allocs, 219 frees, 164,903 bytes allocated
==32456== 
==32456== 4 bytes in 1 blocks are still reachable in loss record 1 of 18
==32456==    at 0x4846FA3: operator new(unsigned long) (in /usr/libexec/valgrind/vgpreload_memcheck-amd64-linux.so)
==32456==    by 0x1182C3: std::__new_allocator<int>::allocate(unsigned long, void const*) (in /home/vboxuser/Documents/network-snake/server/nibbler)
==32456==    by 0x1172E0: std::_Vector_base<int, std::allocator<int> >::_M_allocate(unsigned long) (in /home/vboxuser/Documents/network-snake/server/nibbler)
==32456==    by 0x116610: void std::vector<int, std::allocator<int> >::_M_realloc_insert<int const&>(__gnu_cxx::__normal_iterator<int*, std::vector<int, std::allocator<int> > >, int const&) (in /home/vboxuser/Documents/network-snake/server/nibbler)
==32456==    by 0x115A5B: std::vector<int, std::allocator<int> >::push_back(int const&) (in /home/vboxuser/Documents/network-snake/server/nibbler)
==32456==    by 0x11417D: Server::closeConnection(int) (in /home/vboxuser/Documents/network-snake/server/nibbler)
==32456==    by 0x1146FD: Server::receiveDataFromClient(int, int) (in /home/vboxuser/Documents/network-snake/server/nibbler)
==32456==    by 0x113E62: Server::start() (in /home/vboxuser/Documents/network-snake/server/nibbler)
==32456==    by 0x10BB34: main (in /home/vboxuser/Documents/network-snake/server/nibbler)
==32456== 
==32456== 16 bytes in 1 blocks are still reachable in loss record 2 of 18
==32456==    at 0x4846FA3: operator new(unsigned long) (in /usr/libexec/valgrind/vgpreload_memcheck-amd64-linux.so)
==32456==    by 0x1185BF: std::__new_allocator<std::__detail::_Hash_node<std::pair<unsigned int const, int>, false> >::allocate(unsigned long, void const*) (in /home/vboxuser/Documents/network-snake/server/nibbler)
==32456==    by 0x11783F: std::__detail::_Hash_node<std::pair<unsigned int const, int>, false>* std::__detail::_Hashtable_alloc<std::allocator<std::__detail::_Hash_node<std::pair<unsigned int const, int>, false> > >::_M_allocate_node<std::piecewise_construct_t const&, std::tuple<unsigned int const&>, std::tuple<> >(std::piecewise_construct_t const&, std::tuple<unsigned int const&>&&, std::tuple<>&&) (in /home/vboxuser/Documents/network-snake/server/nibbler)
==32456==    by 0x116FB2: std::_Hashtable<unsigned int, std::pair<unsigned int const, int>, std::allocator<std::pair<unsigned int const, int> >, std::__detail::_Select1st, std::equal_to<unsigned int>, std::hash<unsigned int>, std::__detail::_Mod_range_hashing, std::__detail::_Default_ranged_hash, std::__detail::_Prime_rehash_policy, std::__detail::_Hashtable_traits<false, false, true> >::_Scoped_node::_Scoped_node<std::piecewise_construct_t const&, std::tuple<unsigned int const&>, std::tuple<> >(std::__detail::_Hashtable_alloc<std::allocator<std::__detail::_Hash_node<std::pair<unsigned int const, int>, false> > >*, std::piecewise_construct_t const&, std::tuple<unsigned int const&>&&, std::tuple<>&&) (in /home/vboxuser/Documents/network-snake/server/nibbler)
==32456==    by 0x1164C6: std::__detail::_Map_base<unsigned int, std::pair<unsigned int const, int>, std::allocator<std::pair<unsigned int const, int> >, std::__detail::_Select1st, std::equal_to<unsigned int>, std::hash<unsigned int>, std::__detail::_Mod_range_hashing, std::__detail::_Default_ranged_hash, std::__detail::_Prime_rehash_policy, std::__detail::_Hashtable_traits<false, false, true>, true>::operator[](unsigned int const&) (in /home/vboxuser/Documents/network-snake/server/nibbler)
==32456==    by 0x115994: std::unordered_map<unsigned int, int, std::hash<unsigned int>, std::equal_to<unsigned int>, std::allocator<std::pair<unsigned int const, int> > >::operator[](unsigned int const&) (in /home/vboxuser/Documents/network-snake/server/nibbler)
==32456==    by 0x114119: Server::acceptNewConnection() (in /home/vboxuser/Documents/network-snake/server/nibbler)
==32456==    by 0x114633: Server::receiveDataFromClient(int, int) (in /home/vboxuser/Documents/network-snake/server/nibbler)
==32456==    by 0x113E62: Server::start() (in /home/vboxuser/Documents/network-snake/server/nibbler)
==32456==    by 0x10BB34: main (in /home/vboxuser/Documents/network-snake/server/nibbler)
==32456== 
==32456== 32 bytes in 1 blocks are still reachable in loss record 3 of 18
==32456==    at 0x4846FA3: operator new(unsigned long) (in /usr/libexec/valgrind/vgpreload_memcheck-amd64-linux.so)
==32456==    by 0x10BD71: std::thread::thread<void (Game::*)(), Game*&, void>(void (Game::*&&)(), Game*&) (in /home/vboxuser/Documents/network-snake/server/nibbler)
==32456==    by 0x10BB28: main (in /home/vboxuser/Documents/network-snake/server/nibbler)
==32456== 
==32456== 32 bytes in 1 blocks are still reachable in loss record 4 of 18
==32456==    at 0x4846FA3: operator new(unsigned long) (in /usr/libexec/valgrind/vgpreload_memcheck-amd64-linux.so)
==32456==    by 0x117EC1: std::__new_allocator<pollfd>::allocate(unsigned long, void const*) (in /home/vboxuser/Documents/network-snake/server/nibbler)
==32456==    by 0x116E20: std::_Vector_base<pollfd, std::allocator<pollfd> >::_M_allocate(unsigned long) (in /home/vboxuser/Documents/network-snake/server/nibbler)
==32456==    by 0x116242: void std::vector<pollfd, std::allocator<pollfd> >::_M_realloc_insert<pollfd const&>(__gnu_cxx::__normal_iterator<pollfd*, std::vector<pollfd, std::allocator<pollfd> > >, pollfd const&) (in /home/vboxuser/Documents/network-snake/server/nibbler)
==32456==    by 0x1158C9: std::vector<pollfd, std::allocator<pollfd> >::push_back(pollfd const&) (in /home/vboxuser/Documents/network-snake/server/nibbler)
==32456==    by 0x1140FB: Server::acceptNewConnection() (in /home/vboxuser/Documents/network-snake/server/nibbler)
==32456==    by 0x114633: Server::receiveDataFromClient(int, int) (in /home/vboxuser/Documents/network-snake/server/nibbler)
==32456==    by 0x113E62: Server::start() (in /home/vboxuser/Documents/network-snake/server/nibbler)
==32456==    by 0x10BB34: main (in /home/vboxuser/Documents/network-snake/server/nibbler)
==32456== 
==32456== 104 bytes in 1 blocks are still reachable in loss record 5 of 18
==32456==    at 0x4846FA3: operator new(unsigned long) (in /usr/libexec/valgrind/vgpreload_memcheck-amd64-linux.so)
==32456==    by 0x11237B: std::__new_allocator<std::__detail::_Hash_node_base*>::allocate(unsigned long, void const*) (in /home/vboxuser/Documents/network-snake/server/nibbler)
==32456==    by 0x1187D7: std::__detail::_Hashtable_alloc<std::allocator<std::__detail::_Hash_node<std::pair<unsigned int const, int>, false> > >::_M_allocate_buckets(unsigned long) (in /home/vboxuser/Documents/network-snake/server/nibbler)
==32456==    by 0x11866E: std::_Hashtable<unsigned int, std::pair<unsigned int const, int>, std::allocator<std::pair<unsigned int const, int> >, std::__detail::_Select1st, std::equal_to<unsigned int>, std::hash<unsigned int>, std::__detail::_Mod_range_hashing, std::__detail::_Default_ranged_hash, std::__detail::_Prime_rehash_policy, std::__detail::_Hashtable_traits<false, false, true> >::_M_allocate_buckets(unsigned long) (in /home/vboxuser/Documents/network-snake/server/nibbler)
==32456==    by 0x118052: std::_Hashtable<unsigned int, std::pair<unsigned int const, int>, std::allocator<std::pair<unsigned int const, int> >, std::__detail::_Select1st, std::equal_to<unsigned int>, std::hash<unsigned int>, std::__detail::_Mod_range_hashing, std::__detail::_Default_ranged_hash, std::__detail::_Prime_rehash_policy, std::__detail::_Hashtable_traits<false, false, true> >::_M_rehash_aux(unsigned long, std::integral_constant<bool, true>) (in /home/vboxuser/Documents/network-snake/server/nibbler)
==32456==    by 0x117ABB: std::_Hashtable<unsigned int, std::pair<unsigned int const, int>, std::allocator<std::pair<unsigned int const, int> >, std::__detail::_Select1st, std::equal_to<unsigned int>, std::hash<unsigned int>, std::__detail::_Mod_range_hashing, std::__detail::_Default_ranged_hash, std::__detail::_Prime_rehash_policy, std::__detail::_Hashtable_traits<false, false, true> >::_M_rehash(unsigned long, unsigned long const&) (in /home/vboxuser/Documents/network-snake/server/nibbler)
==32456==    by 0x11709B: std::_Hashtable<unsigned int, std::pair<unsigned int const, int>, std::allocator<std::pair<unsigned int const, int> >, std::__detail::_Select1st, std::equal_to<unsigned int>, std::hash<unsigned int>, std::__detail::_Mod_range_hashing, std::__detail::_Default_ranged_hash, std::__detail::_Prime_rehash_policy, std::__detail::_Hashtable_traits<false, false, true> >::_M_insert_unique_node(unsigned long, unsigned long, std::__detail::_Hash_node<std::pair<unsigned int const, int>, false>*, unsigned long) (in /home/vboxuser/Documents/network-snake/server/nibbler)
==32456==    by 0x1164E4: std::__detail::_Map_base<unsigned int, std::pair<unsigned int const, int>, std::allocator<std::pair<unsigned int const, int> >, std::__detail::_Select1st, std::equal_to<unsigned int>, std::hash<unsigned int>, std::__detail::_Mod_range_hashing, std::__detail::_Default_ranged_hash, std::__detail::_Prime_rehash_policy, std::__detail::_Hashtable_traits<false, false, true>, true>::operator[](unsigned int const&) (in /home/vboxuser/Documents/network-snake/server/nibbler)
==32456==    by 0x115994: std::unordered_map<unsigned int, int, std::hash<unsigned int>, std::equal_to<unsigned int>, std::allocator<std::pair<unsigned int const, int> > >::operator[](unsigned int const&) (in /home/vboxuser/Documents/network-snake/server/nibbler)
==32456==    by 0x114119: Server::acceptNewConnection() (in /home/vboxuser/Documents/network-snake/server/nibbler)
==32456==    by 0x114633: Server::receiveDataFromClient(int, int) (in /home/vboxuser/Documents/network-snake/server/nibbler)
==32456==    by 0x113E62: Server::start() (in /home/vboxuser/Documents/network-snake/server/nibbler)
==32456== 
==32456== 104 bytes in 1 blocks are still reachable in loss record 6 of 18
==32456==    at 0x4846FA3: operator new(unsigned long) (in /usr/libexec/valgrind/vgpreload_memcheck-amd64-linux.so)
==32456==    by 0x11237B: std::__new_allocator<std::__detail::_Hash_node_base*>::allocate(unsigned long, void const*) (in /home/vboxuser/Documents/network-snake/server/nibbler)
==32456==    by 0x1120B9: std::__detail::_Hashtable_alloc<std::allocator<std::__detail::_Hash_node<std::pair<int const, Snake*>, false> > >::_M_allocate_buckets(unsigned long) (in /home/vboxuser/Documents/network-snake/server/nibbler)
==32456==    by 0x111DD2: std::_Hashtable<int, std::pair<int const, Snake*>, std::allocator<std::pair<int const, Snake*> >, std::__detail::_Select1st, std::equal_to<int>, std::hash<int>, std::__detail::_Mod_range_hashing, std::__detail::_Default_ranged_hash, std::__detail::_Prime_rehash_policy, std::__detail::_Hashtable_traits<false, false, true> >::_M_allocate_buckets(unsigned long) (in /home/vboxuser/Documents/network-snake/server/nibbler)
==32456==    by 0x11178A: std::_Hashtable<int, std::pair<int const, Snake*>, std::allocator<std::pair<int const, Snake*> >, std::__detail::_Select1st, std::equal_to<int>, std::hash<int>, std::__detail::_Mod_range_hashing, std::__detail::_Default_ranged_hash, std::__detail::_Prime_rehash_policy, std::__detail::_Hashtable_traits<false, false, true> >::_M_rehash_aux(unsigned long, std::integral_constant<bool, true>) (in /home/vboxuser/Documents/network-snake/server/nibbler)
==32456==    by 0x110F59: std::_Hashtable<int, std::pair<int const, Snake*>, std::allocator<std::pair<int const, Snake*> >, std::__detail::_Select1st, std::equal_to<int>, std::hash<int>, std::__detail::_Mod_range_hashing, std::__detail::_Default_ranged_hash, std::__detail::_Prime_rehash_policy, std::__detail::_Hashtable_traits<false, false, true> >::_M_rehash(unsigned long, unsigned long const&) (in /home/vboxuser/Documents/network-snake/server/nibbler)
==32456==    by 0x11024F: std::_Hashtable<int, std::pair<int const, Snake*>, std::allocator<std::pair<int const, Snake*> >, std::__detail::_Select1st, std::equal_to<int>, std::hash<int>, std::__detail::_Mod_range_hashing, std::__detail::_Default_ranged_hash, std::__detail::_Prime_rehash_policy, std::__detail::_Hashtable_traits<false, false, true> >::_M_insert_unique_node(unsigned long, unsigned long, std::__detail::_Hash_node<std::pair<int const, Snake*>, false>*, unsigned long) (in /home/vboxuser/Documents/network-snake/server/nibbler)
==32456==    by 0x10F588: std::__detail::_Map_base<int, std::pair<int const, Snake*>, std::allocator<std::pair<int const, Snake*> >, std::__detail::_Select1st, std::equal_to<int>, std::hash<int>, std::__detail::_Mod_range_hashing, std::__detail::_Default_ranged_hash, std::__detail::_Prime_rehash_policy, std::__detail::_Hashtable_traits<false, false, true>, true>::operator[](int const&) (in /home/vboxuser/Documents/network-snake/server/nibbler)
==32456==    by 0x10E5FA: std::unordered_map<int, Snake*, std::hash<int>, std::equal_to<int>, std::allocator<std::pair<int const, Snake*> > >::operator[](int const&) (in /home/vboxuser/Documents/network-snake/server/nibbler)
==32456==    by 0x10CEB9: Game::addSnake(int) (in /home/vboxuser/Documents/network-snake/server/nibbler)
==32456==    by 0x11412F: Server::acceptNewConnection() (in /home/vboxuser/Documents/network-snake/server/nibbler)
==32456==    by 0x114633: Server::receiveDataFromClient(int, int) (in /home/vboxuser/Documents/network-snake/server/nibbler)
==32456== 
==32456== 186 bytes in 6 blocks are still reachable in loss record 7 of 18
==32456==    at 0x4846FA3: operator new(unsigned long) (in /usr/libexec/valgrind/vgpreload_memcheck-amd64-linux.so)
==32456==    by 0x49D685A: void std::__cxx11::basic_string<char, std::char_traits<char>, std::allocator<char> >::_M_construct<char*>(char*, char*, std::forward_iterator_tag) (in /usr/lib/x86_64-linux-gnu/libstdc++.so.6.0.33)
==32456==    by 0x10EE7B: void std::vector<std::__cxx11::basic_string<char, std::char_traits<char>, std::allocator<char> >, std::allocator<std::__cxx11::basic_string<char, std::char_traits<char>, std::allocator<char> > > >::_M_realloc_insert<std::__cxx11::basic_string<char, std::char_traits<char>, std::allocator<char> > const&>(__gnu_cxx::__normal_iterator<std::__cxx11::basic_string<char, std::char_traits<char>, std::allocator<char> >*, std::vector<std::__cxx11::basic_string<char, std::char_traits<char>, std::allocator<char> >, std::allocator<std::__cxx11::basic_string<char, std::char_traits<char>, std::allocator<char> > > > >, std::__cxx11::basic_string<char, std::char_traits<char>, std::allocator<char> > const&) (in /home/vboxuser/Documents/network-snake/server/nibbler)
==32456==    by 0x10E246: std::vector<std::__cxx11::basic_string<char, std::char_traits<char>, std::allocator<char> >, std::allocator<std::__cxx11::basic_string<char, std::char_traits<char>, std::allocator<char> > > >::push_back(std::__cxx11::basic_string<char, std::char_traits<char>, std::allocator<char> > const&) (in /home/vboxuser/Documents/network-snake/server/nibbler)
==32456==    by 0x10C79D: Game::Game(int, int) (in /home/vboxuser/Documents/network-snake/server/nibbler)
==32456==    by 0x10BAD4: main (in /home/vboxuser/Documents/network-snake/server/nibbler)
==32456== 
==32456== 186 bytes in 6 blocks are still reachable in loss record 8 of 18
==32456==    at 0x4846FA3: operator new(unsigned long) (in /usr/libexec/valgrind/vgpreload_memcheck-amd64-linux.so)
==32456==    by 0x49D685A: void std::__cxx11::basic_string<char, std::char_traits<char>, std::allocator<char> >::_M_construct<char*>(char*, char*, std::forward_iterator_tag) (in /usr/lib/x86_64-linux-gnu/libstdc++.so.6.0.33)
==32456==    by 0x10EE7B: void std::vector<std::__cxx11::basic_string<char, std::char_traits<char>, std::allocator<char> >, std::allocator<std::__cxx11::basic_string<char, std::char_traits<char>, std::allocator<char> > > >::_M_realloc_insert<std::__cxx11::basic_string<char, std::char_traits<char>, std::allocator<char> > const&>(__gnu_cxx::__normal_iterator<std::__cxx11::basic_string<char, std::char_traits<char>, std::allocator<char> >*, std::vector<std::__cxx11::basic_string<char, std::char_traits<char>, std::allocator<char> >, std::allocator<std::__cxx11::basic_string<char, std::char_traits<char>, std::allocator<char> > > > >, std::__cxx11::basic_string<char, std::char_traits<char>, std::allocator<char> > const&) (in /home/vboxuser/Documents/network-snake/server/nibbler)
==32456==    by 0x10E246: std::vector<std::__cxx11::basic_string<char, std::char_traits<char>, std::allocator<char> >, std::allocator<std::__cxx11::basic_string<char, std::char_traits<char>, std::allocator<char> > > >::push_back(std::__cxx11::basic_string<char, std::char_traits<char>, std::allocator<char> > const&) (in /home/vboxuser/Documents/network-snake/server/nibbler)
==32456==    by 0x10C7B7: Game::Game(int, int) (in /home/vboxuser/Documents/network-snake/server/nibbler)
==32456==    by 0x10BAD4: main (in /home/vboxuser/Documents/network-snake/server/nibbler)
==32456== 
==32456== 224 bytes in 1 blocks are still reachable in loss record 9 of 18
==32456==    at 0x4846FA3: operator new(unsigned long) (in /usr/libexec/valgrind/vgpreload_memcheck-amd64-linux.so)
==32456==    by 0x10BABB: main (in /home/vboxuser/Documents/network-snake/server/nibbler)
==32456== 
==32456== 232 bytes in 1 blocks are still reachable in loss record 10 of 18
==32456==    at 0x4846FA3: operator new(unsigned long) (in /usr/libexec/valgrind/vgpreload_memcheck-amd64-linux.so)
==32456==    by 0x10BAE2: main (in /home/vboxuser/Documents/network-snake/server/nibbler)
==32456== 
==32456== 304 bytes in 1 blocks are possibly lost in loss record 11 of 18
==32456==    at 0x484D953: calloc (in /usr/libexec/valgrind/vgpreload_memcheck-amd64-linux.so)
==32456==    by 0x40145AB: calloc (rtld-malloc.h:44)
==32456==    by 0x40145AB: allocate_dtv (dl-tls.c:370)
==32456==    by 0x40145AB: _dl_allocate_tls (dl-tls.c:629)
==32456==    by 0x4BB4616: allocate_stack (allocatestack.c:429)
==32456==    by 0x4BB4616: pthread_create@@GLIBC_2.34 (pthread_create.c:655)
==32456==    by 0x4957EB0: std::thread::_M_start_thread(std::unique_ptr<std::thread::_State, std::default_delete<std::thread::_State> >, void (*)()) (in /usr/lib/x86_64-linux-gnu/libstdc++.so.6.0.33)
==32456==    by 0x10BDD2: std::thread::thread<void (Game::*)(), Game*&, void>(void (Game::*&&)(), Game*&) (in /home/vboxuser/Documents/network-snake/server/nibbler)
==32456==    by 0x10BB28: main (in /home/vboxuser/Documents/network-snake/server/nibbler)
==32456== 
==32456== 434 bytes in 14 blocks are still reachable in loss record 12 of 18
==32456==    at 0x4846FA3: operator new(unsigned long) (in /usr/libexec/valgrind/vgpreload_memcheck-amd64-linux.so)
==32456==    by 0x49D685A: void std::__cxx11::basic_string<char, std::char_traits<char>, std::allocator<char> >::_M_construct<char*>(char*, char*, std::forward_iterator_tag) (in /usr/lib/x86_64-linux-gnu/libstdc++.so.6.0.33)
==32456==    by 0x10E1EA: std::vector<std::__cxx11::basic_string<char, std::char_traits<char>, std::allocator<char> >, std::allocator<std::__cxx11::basic_string<char, std::char_traits<char>, std::allocator<char> > > >::push_back(std::__cxx11::basic_string<char, std::char_traits<char>, std::allocator<char> > const&) (in /home/vboxuser/Documents/network-snake/server/nibbler)
==32456==    by 0x10C79D: Game::Game(int, int) (in /home/vboxuser/Documents/network-snake/server/nibbler)
==32456==    by 0x10BAD4: main (in /home/vboxuser/Documents/network-snake/server/nibbler)
==32456== 
==32456== 434 bytes in 14 blocks are still reachable in loss record 13 of 18
==32456==    at 0x4846FA3: operator new(unsigned long) (in /usr/libexec/valgrind/vgpreload_memcheck-amd64-linux.so)
==32456==    by 0x49D685A: void std::__cxx11::basic_string<char, std::char_traits<char>, std::allocator<char> >::_M_construct<char*>(char*, char*, std::forward_iterator_tag) (in /usr/lib/x86_64-linux-gnu/libstdc++.so.6.0.33)
==32456==    by 0x10E1EA: std::vector<std::__cxx11::basic_string<char, std::char_traits<char>, std::allocator<char> >, std::allocator<std::__cxx11::basic_string<char, std::char_traits<char>, std::allocator<char> > > >::push_back(std::__cxx11::basic_string<char, std::char_traits<char>, std::allocator<char> > const&) (in /home/vboxuser/Documents/network-snake/server/nibbler)
==32456==    by 0x10C7B7: Game::Game(int, int) (in /home/vboxuser/Documents/network-snake/server/nibbler)
==32456==    by 0x10BAD4: main (in /home/vboxuser/Documents/network-snake/server/nibbler)
==32456== 
==32456== 613 bytes in 1 blocks are still reachable in loss record 14 of 18
==32456==    at 0x4846FA3: operator new(unsigned long) (in /usr/libexec/valgrind/vgpreload_memcheck-amd64-linux.so)
==32456==    by 0x49D370E: std::__cxx11::basic_string<char, std::char_traits<char>, std::allocator<char> >::_M_mutate(unsigned long, unsigned long, char const*, unsigned long) (in /usr/lib/x86_64-linux-gnu/libstdc++.so.6.0.33)
==32456==    by 0x49D504F: std::__cxx11::basic_string<char, std::char_traits<char>, std::allocator<char> >::_M_append(char const*, unsigned long) (in /usr/lib/x86_64-linux-gnu/libstdc++.so.6.0.33)
==32456==    by 0x115F28: std::__cxx11::basic_string<char, std::char_traits<char>, std::allocator<char> > std::operator+<char, std::char_traits<char>, std::allocator<char> >(std::__cxx11::basic_string<char, std::char_traits<char>, std::allocator<char> >&&, std::__cxx11::basic_string<char, std::char_traits<char>, std::allocator<char> > const&) (in /home/vboxuser/Documents/network-snake/server/nibbler)
==32456==    by 0x114846: Server::serializeGameField[abi:cxx11]() (in /home/vboxuser/Documents/network-snake/server/nibbler)
==32456==    by 0x113DC9: Server::start() (in /home/vboxuser/Documents/network-snake/server/nibbler)
==32456==    by 0x10BB34: main (in /home/vboxuser/Documents/network-snake/server/nibbler)
==32456== 
==32456== 1,024 bytes in 1 blocks are still reachable in loss record 15 of 18
==32456==    at 0x4846FA3: operator new(unsigned long) (in /usr/libexec/valgrind/vgpreload_memcheck-amd64-linux.so)
==32456==    by 0x1114AD: std::__new_allocator<std::__cxx11::basic_string<char, std::char_traits<char>, std::allocator<char> > >::allocate(unsigned long, void const*) (in /home/vboxuser/Documents/network-snake/server/nibbler)
==32456==    by 0x10FD9C: std::_Vector_base<std::__cxx11::basic_string<char, std::char_traits<char>, std::allocator<char> >, std::allocator<std::__cxx11::basic_string<char, std::char_traits<char>, std::allocator<char> > > >::_M_allocate(unsigned long) (in /home/vboxuser/Documents/network-snake/server/nibbler)
==32456==    by 0x10EDCF: void std::vector<std::__cxx11::basic_string<char, std::char_traits<char>, std::allocator<char> >, std::allocator<std::__cxx11::basic_string<char, std::char_traits<char>, std::allocator<char> > > >::_M_realloc_insert<std::__cxx11::basic_string<char, std::char_traits<char>, std::allocator<char> > const&>(__gnu_cxx::__normal_iterator<std::__cxx11::basic_string<char, std::char_traits<char>, std::allocator<char> >*, std::vector<std::__cxx11::basic_string<char, std::char_traits<char>, std::allocator<char> >, std::allocator<std::__cxx11::basic_string<char, std::char_traits<char>, std::allocator<char> > > > >, std::__cxx11::basic_string<char, std::char_traits<char>, std::allocator<char> > const&) (in /home/vboxuser/Documents/network-snake/server/nibbler)
==32456==    by 0x10E246: std::vector<std::__cxx11::basic_string<char, std::char_traits<char>, std::allocator<char> >, std::allocator<std::__cxx11::basic_string<char, std::char_traits<char>, std::allocator<char> > > >::push_back(std::__cxx11::basic_string<char, std::char_traits<char>, std::allocator<char> > const&) (in /home/vboxuser/Documents/network-snake/server/nibbler)
==32456==    by 0x10C79D: Game::Game(int, int) (in /home/vboxuser/Documents/network-snake/server/nibbler)
==32456==    by 0x10BAD4: main (in /home/vboxuser/Documents/network-snake/server/nibbler)
==32456== 
==32456== 1,024 bytes in 1 blocks are still reachable in loss record 16 of 18
==32456==    at 0x4846FA3: operator new(unsigned long) (in /usr/libexec/valgrind/vgpreload_memcheck-amd64-linux.so)
==32456==    by 0x1114AD: std::__new_allocator<std::__cxx11::basic_string<char, std::char_traits<char>, std::allocator<char> > >::allocate(unsigned long, void const*) (in /home/vboxuser/Documents/network-snake/server/nibbler)
==32456==    by 0x10FD9C: std::_Vector_base<std::__cxx11::basic_string<char, std::char_traits<char>, std::allocator<char> >, std::allocator<std::__cxx11::basic_string<char, std::char_traits<char>, std::allocator<char> > > >::_M_allocate(unsigned long) (in /home/vboxuser/Documents/network-snake/server/nibbler)
==32456==    by 0x10EDCF: void std::vector<std::__cxx11::basic_string<char, std::char_traits<char>, std::allocator<char> >, std::allocator<std::__cxx11::basic_string<char, std::char_traits<char>, std::allocator<char> > > >::_M_realloc_insert<std::__cxx11::basic_string<char, std::char_traits<char>, std::allocator<char> > const&>(__gnu_cxx::__normal_iterator<std::__cxx11::basic_string<char, std::char_traits<char>, std::allocator<char> >*, std::vector<std::__cxx11::basic_string<char, std::char_traits<char>, std::allocator<char> >, std::allocator<std::__cxx11::basic_string<char, std::char_traits<char>, std::allocator<char> > > > >, std::__cxx11::basic_string<char, std::char_traits<char>, std::allocator<char> > const&) (in /home/vboxuser/Documents/network-snake/server/nibbler)
==32456==    by 0x10E246: std::vector<std::__cxx11::basic_string<char, std::char_traits<char>, std::allocator<char> >, std::allocator<std::__cxx11::basic_string<char, std::char_traits<char>, std::allocator<char> > > >::push_back(std::__cxx11::basic_string<char, std::char_traits<char>, std::allocator<char> > const&) (in /home/vboxuser/Documents/network-snake/server/nibbler)
==32456==    by 0x10C7B7: Game::Game(int, int) (in /home/vboxuser/Documents/network-snake/server/nibbler)
==32456==    by 0x10BAD4: main (in /home/vboxuser/Documents/network-snake/server/nibbler)
==32456== 
==32456== 1,024 bytes in 1 blocks are still reachable in loss record 17 of 18
==32456==    at 0x4846828: malloc (in /usr/libexec/valgrind/vgpreload_memcheck-amd64-linux.so)
==32456==    by 0x4B9C1B4: _IO_file_doallocate (filedoalloc.c:101)
==32456==    by 0x4BAC523: _IO_doallocbuf (genops.c:347)
==32456==    by 0x4BA9F8F: _IO_file_overflow@@GLIBC_2.2.5 (fileops.c:745)
==32456==    by 0x4BAAAAE: _IO_new_file_xsputn (fileops.c:1244)
==32456==    by 0x4BAAAAE: _IO_file_xsputn@@GLIBC_2.2.5 (fileops.c:1197)
==32456==    by 0x4B9DA11: fwrite (iofwrite.c:39)
==32456==    by 0x49C1DC3: std::basic_ostream<char, std::char_traits<char> >& std::__ostream_insert<char, std::char_traits<char> >(std::basic_ostream<char, std::char_traits<char> >&, char const*, long) (in /usr/lib/x86_64-linux-gnu/libstdc++.so.6.0.33)
==32456==    by 0x49C213B: std::basic_ostream<char, std::char_traits<char> >& std::operator<< <std::char_traits<char> >(std::basic_ostream<char, std::char_traits<char> >&, char const*) (in /usr/lib/x86_64-linux-gnu/libstdc++.so.6.0.33)
==32456==    by 0x112548: Snake::~Snake() (in /home/vboxuser/Documents/network-snake/server/nibbler)
==32456==    by 0x10CD68: Game::moveSnakes() (in /home/vboxuser/Documents/network-snake/server/nibbler)
==32456==    by 0x10CA85: Game::start() (in /home/vboxuser/Documents/network-snake/server/nibbler)
==32456==    by 0x10C603: void std::__invoke_impl<void, void (Game::*)(), Game*>(std::__invoke_memfun_deref, void (Game::*&&)(), Game*&&) (in /home/vboxuser/Documents/network-snake/server/nibbler)
==32456== 
==32456== 73,728 bytes in 1 blocks are still reachable in loss record 18 of 18
==32456==    at 0x4846828: malloc (in /usr/libexec/valgrind/vgpreload_memcheck-amd64-linux.so)
==32456==    by 0x492238E: ??? (in /usr/lib/x86_64-linux-gnu/libstdc++.so.6.0.33)
==32456==    by 0x400571E: call_init.part.0 (dl-init.c:74)
==32456==    by 0x4005823: call_init (dl-init.c:120)
==32456==    by 0x4005823: _dl_init (dl-init.c:121)
==32456==    by 0x401F59F: ??? (in /usr/lib/x86_64-linux-gnu/ld-linux-x86-64.so.2)
==32456==    by 0x2: ???
==32456==    by 0x1FFEFFFD7A: ???
==32456==    by 0x1FFEFFFD84: ???
==32456==    by 0x1FFEFFFD87: ???
==32456== 
==32456== LEAK SUMMARY:
==32456==    definitely lost: 0 bytes in 0 blocks
==32456==    indirectly lost: 0 bytes in 0 blocks
==32456==      possibly lost: 304 bytes in 1 blocks
==32456==    still reachable: 79,401 bytes in 53 blocks
==32456==         suppressed: 0 bytes in 0 blocks
==32456== 
==32456== For lists of detected and suppressed errors, rerun with: -s
==32456== ERROR SUMMARY: 1 errors from 1 contexts (suppressed: 0 from 0)
